\BOOKMARK [1][-]{section.1}{\376\377\000O\000u\000t\000l\000i\000e\000r\000\040\000D\000e\000t\000e\000c\000t\000i\000o\000n\000\040\000U\000s\000i\000n\000g\000\040\000M\000e\000a\000n\000\040\000a\000n\000d\000\040\000S\000t\000a\000n\000d\000a\000r\000d\000\040\000D\000e\000v\000i\000a\000t\000i\000o\000n\000\040\000\050\000Z\000-\000S\000c\000o\000r\000e\000\040\000B\000a\000s\000e\000d\000\040\000O\000u\000t\000l\000i\000e\000r\000\040\000D\000e\000t\000e\000c\000t\000i\000o\000n\000\051}{}% 1
\BOOKMARK [1][-]{section.2}{\376\377\000O\000r\000d\000e\000r\000b\000o\000o\000k\000\040\000D\000e\000l\000t\000a\000\040\000d\000e\000f\000e\000n\000i\000t\000i\000o\000n}{}% 2
\BOOKMARK [2][-]{subsection.2.1}{\376\377\000N\000o\000r\000m\000a\000l\000\040\000R\000a\000n\000g\000e}{section.2}% 3
\BOOKMARK [2][-]{subsection.2.2}{\376\377\000M\000y\000\040\000H\000y\000p\000o\000t\000h\000e\000s\000i\000s}{section.2}% 4
\BOOKMARK [2][-]{subsection.2.3}{\376\377\000O\000u\000t\000l\000i\000e\000r\000\040\000C\000o\000n\000d\000i\000t\000i\000o\000n}{section.2}% 5
\BOOKMARK [2][-]{subsection.2.4}{\376\377\000B\000u\000l\000l\000i\000s\000h\000\040\000a\000n\000d\000\040\000B\000e\000a\000r\000i\000s\000h\000\040\000O\000u\000t\000l\000i\000e\000r\000s\000\040\000v\000e\000r\000s\000i\000o\000n\000\040\0001}{section.2}% 6
\BOOKMARK [2][-]{subsection.2.5}{\376\377\000B\000u\000l\000l\000i\000s\000h\000\040\000a\000n\000d\000\040\000B\000e\000a\000r\000i\000s\000h\000\040\000O\000u\000t\000l\000i\000e\000r\000s\000\040\000v\000e\000r\000s\000i\000o\000n\000\040\0002}{section.2}% 7
\BOOKMARK [2][-]{subsection.2.6}{\376\377\000I\000d\000e\000a\000\040\000b\000e\000h\000i\000n\000d}{section.2}% 8
\BOOKMARK [2][-]{subsection.2.7}{\376\377\000F\000u\000t\000u\000r\000e\000\040\000P\000l\000a\000n\000s}{section.2}% 9
\BOOKMARK [1][-]{section.3}{\376\377\000M\000e\000a\000s\000u\000r\000i\000n\000g\000\040\000V\000o\000l\000a\000t\000i\000l\000i\000t\000y\000\040\000A\000f\000t\000e\000r\000\040\000P\000r\000i\000c\000e\000\040\000O\000u\000t\000l\000i\000e\000r\000\040\000D\000e\000t\000e\000c\000t\000i\000o\000n}{}% 10
\BOOKMARK [2][-]{subsection.3.1}{\376\377\000D\000i\000c\000t\000i\000o\000n\000a\000r\000y\000\040\000o\000f\000\040\000T\000e\000r\000m\000s}{section.3}% 11
\BOOKMARK [2][-]{subsection.3.2}{\376\377\000I\000n\000\040\000P\000y\000t\000h\000o\000n\000\040\000c\000o\000d\000e}{section.3}% 12
\BOOKMARK [2][-]{subsection.3.3}{\376\377\000S\000t\000a\000t\000i\000s\000t\000i\000c\000a\000l\000\040\000e\000v\000i\000d\000e\000n\000c\000e}{section.3}% 13
\BOOKMARK [1][-]{section.4}{\376\377\000O\000p\000t\000i\000m\000i\000s\000i\000n\000g\000\040\000f\000o\000r\000\040\000b\000e\000s\000t\000\040\000Z\000-\000S\000c\000o\000r\000e\000\040\000t\000h\000r\000e\000s\000o\000l\000d\000\040\000f\000o\000r\000\040\000o\000u\000t\000l\000i\000e\000r\000s}{}% 14
\BOOKMARK [1][-]{section.5}{\376\377\000M\000e\000a\000s\000u\000r\000i\000n\000g\000\040\000a\000v\000e\000a\000r\000g\000e\000\040\000r\000e\000t\000u\000r\000n\000\040\000a\000f\000t\000e\000r\000\040\000p\000r\000i\000c\000e\000\040\000o\000u\000t\000l\000i\000e\000r\000\040\000d\000e\000t\000e\000c\000t\000i\000o\000n}{}% 15
\BOOKMARK [2][-]{subsection.5.1}{\376\377\000F\000o\000r\000m\000u\000l\000a\000r\000s}{section.5}% 16
\BOOKMARK [2][-]{subsection.5.2}{\376\377\000D\000i\000c\000t\000i\000o\000n\000a\000r\000y\000\040\000o\000f\000\040\000T\000e\000r\000m\000s}{section.5}% 17
\BOOKMARK [1][-]{section.6}{\376\377\000U\000n\000d\000e\000r\000l\000y\000i\000n\000g\000\040\000s\000t\000r\000a\000t\000e\000g\000y\000\040\000B\000i\000a\000s}{}% 18
\BOOKMARK [1][-]{section.7}{\376\377\000F\000i\000n\000d\000i\000n\000g\000\040\000a\000n\000\040\000e\000d\000g\000e}{}% 19
\BOOKMARK [2][-]{subsection.7.1}{\376\377\000F\000e\000e\000s}{section.7}% 20
\BOOKMARK [2][-]{subsection.7.2}{\376\377\000N\000o\000\040\000F\000e\000e\000s\000\040\000r\000e\000s\000u\000l\000t\000s}{section.7}% 21
\BOOKMARK [2][-]{subsection.7.3}{\376\377\000W\000i\000t\000h\000\040\000F\000e\000e\000s\000\040\000r\000e\000s\000u\000l\000t\000s}{section.7}% 22
\BOOKMARK [2][-]{subsection.7.4}{\376\377\000N\000o\000\040\000c\000l\000e\000a\000r\000\040\000p\000a\000t\000h}{section.7}% 23
\BOOKMARK [1][-]{section.8}{\376\377\000C\000o\000m\000p\000a\000r\000i\000s\000o\000n\000\040\000o\000f\000\040\000D\000e\000l\000t\000a\000\040\000I\000n\000d\000i\000c\000a\000t\000o\000r\000s\000\040\000o\000n\000\040\0003\0009\000,\0006\0009\0004\000-\000m\000i\000n\000u\000t\000e\000\040\000s\000a\000m\000p\000l\000e}{}% 24
\BOOKMARK [1][-]{section.9}{\376\377\000C\000o\000m\000b\000i\000n\000i\000n\000g\000\040\000I\000n\000d\000i\000c\000a\000t\000o\000r\000s}{}% 25
\BOOKMARK [1][-]{section.10}{\376\377\000M\000a\000p\000p\000i\000n\000g\000\040\000O\000r\000d\000e\000r\000b\000o\000o\000k\000\040\000d\000e\000l\000t\000a\000\040\000E\000M\000A\000\040\000w\000i\000t\000h\000\040\000s\000t\000a\000n\000d\000a\000r\000d\000\040\000d\000e\000v\000i\000a\000t\000i\000o\000n\000\040\000s\000h\000i\000f\000i\000n\000g}{}% 26
\BOOKMARK [1][-]{section.11}{\376\377\000F\000o\000r\000m\000u\000l\000a\000r\000s}{}% 27
\BOOKMARK [1][-]{section.12}{\376\377\000F\000r\000o\000m\000\040\000o\000u\000t\000l\000i\000e\000r\000s\000\040\000t\000o\000\040\000s\000t\000r\000a\000t\000e\000g\000y}{}% 28
\BOOKMARK [2][-]{subsection.12.1}{\376\377\000P\000r\000o\000g\000r\000e\000s\000s\000\040\000d\000e\000s\000c\000r\000i\000p\000t\000i\000o\000n}{section.12}% 29
\BOOKMARK [2][-]{subsection.12.2}{\376\377\000W\000h\000e\000r\000e\000\040\000d\000i\000d\000\040\000I\000\040\000s\000t\000a\000r\000t\000\040\000m\000y\000\040\000r\000e\000s\000e\000a\000r\000c\000h}{section.12}% 30
\BOOKMARK [2][-]{subsection.12.3}{\376\377\000F\000i\000n\000d\000i\000n\000g\000\040\000a\000n\000\040\000e\000d\000g\000e}{section.12}% 31
\BOOKMARK [2][-]{subsection.12.4}{\376\377\000M\000o\000n\000t\000e\000\040\000C\000a\000r\000l\000o\000\040\000T\000e\000s\000t\000i\000n\000g}{section.12}% 32
\BOOKMARK [2][-]{subsection.12.5}{\376\377\000B\000a\000c\000k\000t\000e\000s\000t\000i\000n\000g\000\040\000f\000r\000a\000m\000e\000w\000o\000r\000k}{section.12}% 33
\BOOKMARK [1][-]{section.13}{\376\377\000D\000e\000v\000e\000l\000o\000p\000i\000n\000g\000\040\000a\000\040\000s\000t\000r\000a\000t\000e\000g\000y}{}% 34
\BOOKMARK [2][-]{subsection.13.1}{\376\377\000I\000n\000i\000t\000i\000a\000l\000\040\000t\000h\000o\000u\000g\000h\000t\000s}{section.13}% 35
\BOOKMARK [2][-]{subsection.13.2}{\376\377\000R\000e\000v\000e\000r\000s\000e\000\040\000s\000t\000r\000a\000t\000e\000g\000y}{section.13}% 36
\BOOKMARK [2][-]{subsection.13.3}{\376\377\000F\000i\000r\000s\000t\000\040\000s\000t\000r\000a\000t\000e\000g\000y\000\040\000t\000e\000s\000t}{section.13}% 37
\BOOKMARK [3][-]{subsubsection.13.3.1}{\376\377\000C\000o\000d\000e}{subsection.13.3}% 38
\BOOKMARK [3][-]{subsubsection.13.3.2}{\376\377\000S\000t\000r\000a\000t\000e\000g\000y\000\040\0001\000\040\000r\000e\000s\000u\000l\000t\000s}{subsection.13.3}% 39
\BOOKMARK [2][-]{subsection.13.4}{\376\377\000L\000e\000a\000r\000n\000i\000n\000g\000\040\000f\000r\000o\000m\000\040\000t\000h\000e\000\040\000f\000i\000r\000s\000t\000\040\000s\000t\000r\000a\000t\000e\000g\000y}{section.13}% 40
\BOOKMARK [2][-]{subsection.13.5}{\376\377\000E\000x\000p\000l\000a\000i\000n\000i\000n\000g\000\040\000f\000i\000g\000u\000r\000e}{section.13}% 41
\BOOKMARK [2][-]{subsection.13.6}{\376\377\000S\000t\000r\000a\000t\000e\000g\000y\000\040\0002}{section.13}% 42
\BOOKMARK [1][-]{section.14}{\376\377\000s\000o\000u\000r\000c\000e\000s}{}% 43
\BOOKMARK [2][-]{subsection.14.1}{\376\377\000H\000o\000w\000\040\000g\000o\000o\000d\000\040\000o\000r\000\040\000r\000a\000n\000d\000o\000m\000\040\000i\000s\000\040\000y\000o\000u\000r\000\040\000t\000r\000a\000d\000i\000n\000g}{section.14}% 44
\BOOKMARK [2][-]{subsection.14.2}{\376\377\000T\000w\000e\000e\000t\000s}{section.14}% 45
\BOOKMARK [2][-]{subsection.14.3}{\376\377\000T\000R\000D\000R\000\040\000T\000h\000i\000s\000\040\000p\000l\000a\000t\000f\000o\000r\000m\000\040\000a\000l\000l\000o\000w\000\040\000y\000o\000u\000\040\000t\000o\000\040\000u\000s\000e\000\040\000d\000i\000f\000f\000e\000r\000e\000n\000t\000\040\000k\000i\000n\000d\000\040\000o\000f\000\040\000m\000e\000t\000r\000i\000c\000s\000\040\000o\000n\000\040\000d\000i\000f\000f\000e\000r\000e\000n\000t\000\040\000T\000i\000m\000e\000s\000e\000r\000i\000e\000s\000\040\000d\000a\000t\000a\000s\000e\000t\000s\000\040\000\050\000B\000T\000C\000/\000U\000S\000D\000\040\000P\000r\000i\000c\000e\000,\000\040\000o\000r\000d\000e\000r\000b\000o\000o\000k\000d\000e\000l\000t\000a\000\040\000a\000n\000d\000\040\000O\000p\000e\000n\000\040\000I\000n\000t\000e\000r\000e\000s\000t}{section.14}% 46
\BOOKMARK [2][-]{subsection.14.4}{\376\377\000T\000r\000e\000n\000d\000\040\000l\000i\000n\000e\000\040\000a\000u\000t\000o\000m\000a\000t\000i\000o\000n}{section.14}% 47
\BOOKMARK [2][-]{subsection.14.5}{\376\377\000V\000e\000c\000t\000o\000r\000b\000t\000\040\000g\000i\000t\000h\000u\000b\000\040\000d\000o\000c\000u\000m\000e\000n\000t\000a\000t\000i\000o\000n\000\040\000r\000e\000s\000p\000o\000s\000i\000t\000o\000r\000y\000.}{section.14}% 48
\BOOKMARK [2][-]{subsection.14.6}{\376\377\000D\000e\000e\000p\000\040\000r\000e\000s\000e\000a\000r\000c\000h\000\040\000b\000y\000\040\000C\000h\000a\000t\000G\000P\000T}{section.14}% 49
